<?xml version="1.0" encoding="UTF-8"?>
<testsuites>
  <testsuite name="C:\Users\MSI MODEREN 15\OneDrive\Desktop\Wardig\phpunit.xml" tests="41" assertions="131" errors="0" failures="0" skipped="0" time="180.795628">
    <testsuite name="Unit" tests="1" assertions="1" errors="0" failures="0" skipped="0" time="0.035666">
      <testsuite name="Tests\Unit\ExampleTest" file="tests\Unit\ExampleTest.php" tests="1" assertions="1" errors="0" failures="0" skipped="0" time="0.035666">
        <testcase name="that true is true" file="tests\Unit\ExampleTest.php::that true is true" class="Tests\Unit\ExampleTest" classname="Tests.Unit.ExampleTest" assertions="1" time="0.035666"/>
      </testsuite>
    </testsuite>
    <testsuite name="Feature" tests="40" assertions="130" errors="0" failures="0" skipped="0" time="180.759962">
      <testsuite name="Tests\Feature\Auth\AuthenticationTest" file="tests\Feature\Auth\AuthenticationTest.php" tests="6" assertions="15" errors="0" failures="0" skipped="0" time="27.883862">
        <testcase name="login screen can be rendered" file="tests\Feature\Auth\AuthenticationTest.php::login screen can be rendered" class="Tests\Feature\Auth\AuthenticationTest" classname="Tests.Feature.Auth.AuthenticationTest" assertions="1" time="6.386979"/>
        <testcase name="users can authenticate using the login screen" file="tests\Feature\Auth\AuthenticationTest.php::users can authenticate using the login screen" class="Tests\Feature\Auth\AuthenticationTest" classname="Tests.Feature.Auth.AuthenticationTest" assertions="3" time="4.593750"/>
        <testcase name="users with two factor enabled are redirected to two factor challenge" file="tests\Feature\Auth\AuthenticationTest.php::users with two factor enabled are redirected to two factor challenge" class="Tests\Feature\Auth\AuthenticationTest" classname="Tests.Feature.Auth.AuthenticationTest" assertions="4" time="4.212598"/>
        <testcase name="users can not authenticate with invalid password" file="tests\Feature\Auth\AuthenticationTest.php::users can not authenticate with invalid password" class="Tests\Feature\Auth\AuthenticationTest" classname="Tests.Feature.Auth.AuthenticationTest" assertions="1" time="4.348108"/>
        <testcase name="users can logout" file="tests\Feature\Auth\AuthenticationTest.php::users can logout" class="Tests\Feature\Auth\AuthenticationTest" classname="Tests.Feature.Auth.AuthenticationTest" assertions="3" time="4.159151"/>
        <testcase name="users are rate limited" file="tests\Feature\Auth\AuthenticationTest.php::users are rate limited" class="Tests\Feature\Auth\AuthenticationTest" classname="Tests.Feature.Auth.AuthenticationTest" assertions="3" time="4.183275"/>
      </testsuite>
      <testsuite name="Tests\Feature\Auth\EmailVerificationTest" file="tests\Feature\Auth\EmailVerificationTest.php" tests="6" assertions="13" errors="0" failures="0" skipped="0" time="26.715853">
        <testcase name="email verification screen can be rendered" file="tests\Feature\Auth\EmailVerificationTest.php::email verification screen can be rendered" class="Tests\Feature\Auth\EmailVerificationTest" classname="Tests.Feature.Auth.EmailVerificationTest" assertions="1" time="4.348813"/>
        <testcase name="email can be verified" file="tests\Feature\Auth\EmailVerificationTest.php::email can be verified" class="Tests\Feature\Auth\EmailVerificationTest" classname="Tests.Feature.Auth.EmailVerificationTest" assertions="4" time="4.588634"/>
        <testcase name="email is not verified with invalid hash" file="tests\Feature\Auth\EmailVerificationTest.php::email is not verified with invalid hash" class="Tests\Feature\Auth\EmailVerificationTest" classname="Tests.Feature.Auth.EmailVerificationTest" assertions="1" time="4.905110"/>
        <testcase name="email is not verified with invalid user id" file="tests\Feature\Auth\EmailVerificationTest.php::email is not verified with invalid user id" class="Tests\Feature\Auth\EmailVerificationTest" classname="Tests.Feature.Auth.EmailVerificationTest" assertions="1" time="4.459962"/>
        <testcase name="verified user is redirected to dashboard from verification prompt" file="tests\Feature\Auth\EmailVerificationTest.php::verified user is redirected to dashboard from verification prompt" class="Tests\Feature\Auth\EmailVerificationTest" classname="Tests.Feature.Auth.EmailVerificationTest" assertions="2" time="4.263488"/>
        <testcase name="already verified user visiting verification link is redirected without firing event again" file="tests\Feature\Auth\EmailVerificationTest.php::already verified user visiting verification link is redirected without firing event again" class="Tests\Feature\Auth\EmailVerificationTest" classname="Tests.Feature.Auth.EmailVerificationTest" assertions="4" time="4.149845"/>
      </testsuite>
      <testsuite name="Tests\Feature\Auth\PasswordConfirmationTest" file="tests\Feature\Auth\PasswordConfirmationTest.php" tests="2" assertions="12" errors="0" failures="0" skipped="0" time="8.707363">
        <testcase name="confirm password screen can be rendered" file="tests\Feature\Auth\PasswordConfirmationTest.php::confirm password screen can be rendered" class="Tests\Feature\Auth\PasswordConfirmationTest" classname="Tests.Feature.Auth.PasswordConfirmationTest" assertions="10" time="4.213656"/>
        <testcase name="password confirmation requires authentication" file="tests\Feature\Auth\PasswordConfirmationTest.php::password confirmation requires authentication" class="Tests\Feature\Auth\PasswordConfirmationTest" classname="Tests.Feature.Auth.PasswordConfirmationTest" assertions="2" time="4.493707"/>
      </testsuite>
      <testsuite name="Tests\Feature\Auth\PasswordResetTest" file="tests\Feature\Auth\PasswordResetTest.php" tests="5" assertions="10" errors="0" failures="0" skipped="0" time="22.923247">
        <testcase name="reset password link screen can be rendered" file="tests\Feature\Auth\PasswordResetTest.php::reset password link screen can be rendered" class="Tests\Feature\Auth\PasswordResetTest" classname="Tests.Feature.Auth.PasswordResetTest" assertions="1" time="4.437401"/>
        <testcase name="reset password link can be requested" file="tests\Feature\Auth\PasswordResetTest.php::reset password link can be requested" class="Tests\Feature\Auth\PasswordResetTest" classname="Tests.Feature.Auth.PasswordResetTest" assertions="1" time="4.677983"/>
        <testcase name="reset password screen can be rendered" file="tests\Feature\Auth\PasswordResetTest.php::reset password screen can be rendered" class="Tests\Feature\Auth\PasswordResetTest" classname="Tests.Feature.Auth.PasswordResetTest" assertions="2" time="4.549036"/>
        <testcase name="password can be reset with valid token" file="tests\Feature\Auth\PasswordResetTest.php::password can be reset with valid token" class="Tests\Feature\Auth\PasswordResetTest" classname="Tests.Feature.Auth.PasswordResetTest" assertions="4" time="4.783088"/>
        <testcase name="password cannot be reset with invalid token" file="tests\Feature\Auth\PasswordResetTest.php::password cannot be reset with invalid token" class="Tests\Feature\Auth\PasswordResetTest" classname="Tests.Feature.Auth.PasswordResetTest" assertions="2" time="4.475739"/>
      </testsuite>
      <testsuite name="Tests\Feature\Auth\RegistrationTest" file="tests\Feature\Auth\RegistrationTest.php" tests="2" assertions="4" errors="0" failures="0" skipped="0" time="8.857214">
        <testcase name="registration screen can be rendered" file="tests\Feature\Auth\RegistrationTest.php::registration screen can be rendered" class="Tests\Feature\Auth\RegistrationTest" classname="Tests.Feature.Auth.RegistrationTest" assertions="1" time="4.500867"/>
        <testcase name="new users can register" file="tests\Feature\Auth\RegistrationTest.php::new users can register" class="Tests\Feature\Auth\RegistrationTest" classname="Tests.Feature.Auth.RegistrationTest" assertions="3" time="4.356347"/>
      </testsuite>
      <testsuite name="Tests\Feature\Auth\TwoFactorChallengeTest" file="tests\Feature\Auth\TwoFactorChallengeTest.php" tests="2" assertions="12" errors="0" failures="0" skipped="0" time="8.615316">
        <testcase name="two factor challenge redirects to login when not authenticated" file="tests\Feature\Auth\TwoFactorChallengeTest.php::two factor challenge redirects to login when not authenticated" class="Tests\Feature\Auth\TwoFactorChallengeTest" classname="Tests.Feature.Auth.TwoFactorChallengeTest" assertions="2" time="4.246895"/>
        <testcase name="two factor challenge can be rendered" file="tests\Feature\Auth\TwoFactorChallengeTest.php::two factor challenge can be rendered" class="Tests\Feature\Auth\TwoFactorChallengeTest" classname="Tests.Feature.Auth.TwoFactorChallengeTest" assertions="10" time="4.368422"/>
      </testsuite>
      <testsuite name="Tests\Feature\Auth\VerificationNotificationTest" file="tests\Feature\Auth\VerificationNotificationTest.php" tests="2" assertions="6" errors="0" failures="0" skipped="0" time="9.027697">
        <testcase name="sends verification notification" file="tests\Feature\Auth\VerificationNotificationTest.php::sends verification notification" class="Tests\Feature\Auth\VerificationNotificationTest" classname="Tests.Feature.Auth.VerificationNotificationTest" assertions="3" time="4.547616"/>
        <testcase name="does not send verification notification if email is verified" file="tests\Feature\Auth\VerificationNotificationTest.php::does not send verification notification if email is verified" class="Tests\Feature\Auth\VerificationNotificationTest" classname="Tests.Feature.Auth.VerificationNotificationTest" assertions="3" time="4.480081"/>
      </testsuite>
      <testsuite name="Tests\Feature\DashboardTest" file="tests\Feature\DashboardTest.php" tests="2" assertions="3" errors="0" failures="0" skipped="0" time="9.114260">
        <testcase name="guests are redirected to the login page" file="tests\Feature\DashboardTest.php::guests are redirected to the login page" class="Tests\Feature\DashboardTest" classname="Tests.Feature.DashboardTest" assertions="2" time="4.559520"/>
        <testcase name="authenticated users can visit the dashboard" file="tests\Feature\DashboardTest.php::authenticated users can visit the dashboard" class="Tests\Feature\DashboardTest" classname="Tests.Feature.DashboardTest" assertions="1" time="4.554740"/>
      </testsuite>
      <testsuite name="Tests\Feature\ExampleTest" file="tests\Feature\ExampleTest.php" tests="1" assertions="1" errors="0" failures="0" skipped="0" time="4.897678">
        <testcase name="it returns a successful response" file="tests\Feature\ExampleTest.php::it returns a successful response" class="Tests\Feature\ExampleTest" classname="Tests.Feature.ExampleTest" assertions="1" time="4.897678"/>
      </testsuite>
      <testsuite name="Tests\Feature\Settings\PasswordUpdateTest" file="tests\Feature\Settings\PasswordUpdateTest.php" tests="3" assertions="9" errors="0" failures="0" skipped="0" time="13.035217">
        <testcase name="password update page is displayed" file="tests\Feature\Settings\PasswordUpdateTest.php::password update page is displayed" class="Tests\Feature\Settings\PasswordUpdateTest" classname="Tests.Feature.Settings.PasswordUpdateTest" assertions="1" time="4.401342"/>
        <testcase name="password can be updated" file="tests\Feature\Settings\PasswordUpdateTest.php::password can be updated" class="Tests\Feature\Settings\PasswordUpdateTest" classname="Tests.Feature.Settings.PasswordUpdateTest" assertions="4" time="4.280880"/>
        <testcase name="correct password must be provided to update password" file="tests\Feature\Settings\PasswordUpdateTest.php::correct password must be provided to update password" class="Tests\Feature\Settings\PasswordUpdateTest" classname="Tests.Feature.Settings.PasswordUpdateTest" assertions="4" time="4.352995"/>
      </testsuite>
      <testsuite name="Tests\Feature\Settings\ProfileUpdateTest" file="tests\Feature\Settings\ProfileUpdateTest.php" tests="5" assertions="21" errors="0" failures="0" skipped="0" time="23.072630">
        <testcase name="profile page is displayed" file="tests\Feature\Settings\ProfileUpdateTest.php::profile page is displayed" class="Tests\Feature\Settings\ProfileUpdateTest" classname="Tests.Feature.Settings.ProfileUpdateTest" assertions="1" time="4.924412"/>
        <testcase name="profile information can be updated" file="tests\Feature\Settings\ProfileUpdateTest.php::profile information can be updated" class="Tests\Feature\Settings\ProfileUpdateTest" classname="Tests.Feature.Settings.ProfileUpdateTest" assertions="6" time="4.669560"/>
        <testcase name="email verification status is unchanged when the email address is unchanged" file="tests\Feature\Settings\ProfileUpdateTest.php::email verification status is unchanged when the email address is unchanged" class="Tests\Feature\Settings\ProfileUpdateTest" classname="Tests.Feature.Settings.ProfileUpdateTest" assertions="4" time="4.526834"/>
        <testcase name="user can delete their account" file="tests\Feature\Settings\ProfileUpdateTest.php::user can delete their account" class="Tests\Feature\Settings\ProfileUpdateTest" classname="Tests.Feature.Settings.ProfileUpdateTest" assertions="5" time="4.611440"/>
        <testcase name="correct password must be provided to delete account" file="tests\Feature\Settings\ProfileUpdateTest.php::correct password must be provided to delete account" class="Tests\Feature\Settings\ProfileUpdateTest" classname="Tests.Feature.Settings.ProfileUpdateTest" assertions="5" time="4.340384"/>
      </testsuite>
      <testsuite name="Tests\Feature\Settings\TwoFactorAuthenticationTest" file="tests\Feature\Settings\TwoFactorAuthenticationTest.php" tests="4" assertions="24" errors="0" failures="0" skipped="0" time="17.909626">
        <testcase name="two factor settings page can be rendered" file="tests\Feature\Settings\TwoFactorAuthenticationTest.php::two factor settings page can be rendered" class="Tests\Feature\Settings\TwoFactorAuthenticationTest" classname="Tests.Feature.Settings.TwoFactorAuthenticationTest" assertions="11" time="4.424592"/>
        <testcase name="two factor settings page requires password confirmation when enabled" file="tests\Feature\Settings\TwoFactorAuthenticationTest.php::two factor settings page requires password confirmation when enabled" class="Tests\Feature\Settings\TwoFactorAuthenticationTest" classname="Tests.Feature.Settings.TwoFactorAuthenticationTest" assertions="2" time="4.666212"/>
        <testcase name="two factor settings page does not requires password confirmation when disabled" file="tests\Feature\Settings\TwoFactorAuthenticationTest.php::two factor settings page does not requires password confirmation when disabled" class="Tests\Feature\Settings\TwoFactorAuthenticationTest" classname="Tests.Feature.Settings.TwoFactorAuthenticationTest" assertions="10" time="4.395466"/>
        <testcase name="two factor settings page returns forbidden response when two factor is disabled" file="tests\Feature\Settings\TwoFactorAuthenticationTest.php::two factor settings page returns forbidden response when two factor is disabled" class="Tests\Feature\Settings\TwoFactorAuthenticationTest" classname="Tests.Feature.Settings.TwoFactorAuthenticationTest" assertions="1" time="4.423356"/>
      </testsuite>
    </testsuite>
  </testsuite>
</testsuites>
